current directory: /Users/satodai/rails/cdp_web_web_aws_deploy_task/vendor/bundle/ruby/3.0.0/gems/msgpack-1.4.2/ext/msgpack
/Users/satodai/.rbenv/versions/3.0.1/bin/ruby -I /Users/satodai/.rbenv/versions/3.0.1/lib/ruby/3.0.0 -r ./siteconf20240414-18298-lpvzuo.rb extconf.rb
checking for ruby/st.h... yes
checking for st.h... no
checking for rb_str_replace() in ruby.h... yes
checking for rb_intern_str() in ruby.h... yes
checking for rb_enc_interned_str() in ruby.h... yes
checking for rb_sym2str() in ruby.h... yes
checking for rb_str_intern() in ruby.h... yes
checking for rb_block_lambda() in ruby.h... yes
checking for rb_hash_dup() in ruby.h... yes
checking for rb_hash_clear() in ruby.h... yes
creating Makefile

current directory: /Users/satodai/rails/cdp_web_web_aws_deploy_task/vendor/bundle/ruby/3.0.0/gems/msgpack-1.4.2/ext/msgpack
make DESTDIR\= clean

current directory: /Users/satodai/rails/cdp_web_web_aws_deploy_task/vendor/bundle/ruby/3.0.0/gems/msgpack-1.4.2/ext/msgpack
make DESTDIR\=
compiling buffer.c
compiling buffer_class.c
buffer_class.c:261:17: error: incompatible function pointer types passing 'VALUE (VALUE)' (aka 'unsigned long (unsigned long)') to parameter of type 'VALUE (*)(VALUE, VALUE)' (aka 'unsigned long (*)(unsigned long, unsigned long)') [-Wincompatible-function-pointer-types]
                read_until_eof_error, (VALUE)(void*) args,
                ^~~~~~~~~~~~~~~~~~~~
/Users/satodai/.rbenv/versions/3.0.1/include/ruby-3.0.0/ruby/internal/iterator.h:51:47: note: passing argument to parameter here
VALUE rb_rescue2(VALUE(*)(VALUE),VALUE,VALUE(*)(VALUE,VALUE),VALUE,...);
                                              ^
1 error generated.
make: *** [buffer_class.o] Error 1

make failed, exit code 2
